1655125683.813074 client started (496093): version 3.3, socket /tmp/tmux-1000/default, protocol 8
1655125683.813104 on Linux 5.17.0-kali3-amd64 #1 SMP PREEMPT Debian 5.17.11-1kali1 (2022-05-30)
1655125683.813111 using libevent 2.1.12-stable (poll); ncurses 6.3
1655125683.813132 flags are 0x10010000
1655125683.813140 socket is /tmp/tmux-1000/default
1655125683.813152 trying connect
1655125683.813220 add peer 0x5651ff341e00: 6 ((nil))
1655125683.813769 sending message 100 to peer 0x5651ff341e00 (4 bytes)
1655125683.813780 sending message 111 to peer 0x5651ff341e00 (8 bytes)
1655125683.813784 sending message 101 to peer 0x5651ff341e00 (16 bytes)
1655125683.813788 sending message 109 to peer 0x5651ff341e00 (4 bytes)
1655125683.813791 sending message 102 to peer 0x5651ff341e00 (11 bytes)
1655125683.813795 sending message 108 to peer 0x5651ff341e00 (47 bytes)
1655125683.813799 sending message 112 to peer 0x5651ff341e00 (70 bytes)
1655125683.813803 sending message 112 to peer 0x5651ff341e00 (5 bytes)
1655125683.813807 sending message 112 to peer 0x5651ff341e00 (5 bytes)
1655125683.813810 sending message 112 to peer 0x5651ff341e00 (6 bytes)
1655125683.813813 sending message 112 to peer 0x5651ff341e00 (6 bytes)
1655125683.813817 sending message 112 to peer 0x5651ff341e00 (11 bytes)
1655125683.813820 sending message 112 to peer 0x5651ff341e00 (10 bytes)
1655125683.813823 sending message 112 to peer 0x5651ff341e00 (13 bytes)
1655125683.813827 sending message 112 to peer 0x5651ff341e00 (13 bytes)
1655125683.813830 sending message 112 to peer 0x5651ff341e00 (18 bytes)
1655125683.813834 sending message 112 to peer 0x5651ff341e00 (11 bytes)
1655125683.813837 sending message 112 to peer 0x5651ff341e00 (21 bytes)
1655125683.813840 sending message 112 to peer 0x5651ff341e00 (13 bytes)
1655125683.813844 sending message 112 to peer 0x5651ff341e00 (7 bytes)
1655125683.813847 sending message 112 to peer 0x5651ff341e00 (13 bytes)
1655125683.813851 sending message 112 to peer 0x5651ff341e00 (7 bytes)
1655125683.813854 sending message 112 to peer 0x5651ff341e00 (13 bytes)
1655125683.813857 sending message 112 to peer 0x5651ff341e00 (9 bytes)
1655125683.813861 sending message 112 to peer 0x5651ff341e00 (21 bytes)
1655125683.813864 sending message 112 to peer 0x5651ff341e00 (13 bytes)
1655125683.813867 sending message 112 to peer 0x5651ff341e00 (8 bytes)
1655125683.813870 sending message 112 to peer 0x5651ff341e00 (12 bytes)
1655125683.813874 sending message 112 to peer 0x5651ff341e00 (13 bytes)
1655125683.813877 sending message 112 to peer 0x5651ff341e00 (9 bytes)
1655125683.813880 sending message 112 to peer 0x5651ff341e00 (9 bytes)
1655125683.813884 sending message 112 to peer 0x5651ff341e00 (12 bytes)
1655125683.813887 sending message 112 to peer 0x5651ff341e00 (8 bytes)
1655125683.813890 sending message 112 to peer 0x5651ff341e00 (7 bytes)
1655125683.813894 sending message 112 to peer 0x5651ff341e00 (7 bytes)
1655125683.813897 sending message 112 to peer 0x5651ff341e00 (9 bytes)
1655125683.813900 sending message 112 to peer 0x5651ff341e00 (13 bytes)
1655125683.813903 sending message 112 to peer 0x5651ff341e00 (9 bytes)
1655125683.813907 sending message 112 to peer 0x5651ff341e00 (15 bytes)
1655125683.813910 sending message 112 to peer 0x5651ff341e00 (13 bytes)
1655125683.813913 sending message 112 to peer 0x5651ff341e00 (12 bytes)
1655125683.813917 sending message 112 to peer 0x5651ff341e00 (8 bytes)
1655125683.813920 sending message 112 to peer 0x5651ff341e00 (14 bytes)
1655125683.813923 sending message 112 to peer 0x5651ff341e00 (9 bytes)
1655125683.813927 sending message 112 to peer 0x5651ff341e00 (10 bytes)
1655125683.813930 sending message 112 to peer 0x5651ff341e00 (10 bytes)
1655125683.813933 sending message 112 to peer 0x5651ff341e00 (10 bytes)
1655125683.813936 sending message 112 to peer 0x5651ff341e00 (10 bytes)
1655125683.813940 sending message 112 to peer 0x5651ff341e00 (11 bytes)
1655125683.813943 sending message 112 to peer 0x5651ff341e00 (10 bytes)
1655125683.813946 sending message 112 to peer 0x5651ff341e00 (8 bytes)
1655125683.813950 sending message 112 to peer 0x5651ff341e00 (11 bytes)
1655125683.813959 sending message 112 to peer 0x5651ff341e00 (11 bytes)
1655125683.813963 sending message 112 to peer 0x5651ff341e00 (11 bytes)
1655125683.813966 sending message 112 to peer 0x5651ff341e00 (8 bytes)
1655125683.813970 sending message 112 to peer 0x5651ff341e00 (8 bytes)
1655125683.813973 sending message 112 to peer 0x5651ff341e00 (8 bytes)
1655125683.813976 sending message 112 to peer 0x5651ff341e00 (10 bytes)
1655125683.813980 sending message 112 to peer 0x5651ff341e00 (10 bytes)
1655125683.813983 sending message 112 to peer 0x5651ff341e00 (10 bytes)
1655125683.813987 sending message 112 to peer 0x5651ff341e00 (10 bytes)
1655125683.813990 sending message 112 to peer 0x5651ff341e00 (10 bytes)
1655125683.813993 sending message 112 to peer 0x5651ff341e00 (11 bytes)
1655125683.813997 sending message 112 to peer 0x5651ff341e00 (11 bytes)
1655125683.814000 sending message 112 to peer 0x5651ff341e00 (10 bytes)
1655125683.814003 sending message 112 to peer 0x5651ff341e00 (9 bytes)
1655125683.814007 sending message 112 to peer 0x5651ff341e00 (9 bytes)
1655125683.814010 sending message 112 to peer 0x5651ff341e00 (12 bytes)
1655125683.814014 sending message 112 to peer 0x5651ff341e00 (9 bytes)
1655125683.814017 sending message 112 to peer 0x5651ff341e00 (6 bytes)
1655125683.814021 sending message 112 to peer 0x5651ff341e00 (13 bytes)
1655125683.814024 sending message 112 to peer 0x5651ff341e00 (8 bytes)
1655125683.814028 sending message 112 to peer 0x5651ff341e00 (15 bytes)
1655125683.814031 sending message 112 to peer 0x5651ff341e00 (13 bytes)
1655125683.814034 sending message 112 to peer 0x5651ff341e00 (70 bytes)
1655125683.814038 sending message 112 to peer 0x5651ff341e00 (69 bytes)
1655125683.814041 sending message 112 to peer 0x5651ff341e00 (10 bytes)
1655125683.814044 sending message 112 to peer 0x5651ff341e00 (8 bytes)
1655125683.814048 sending message 112 to peer 0x5651ff341e00 (15 bytes)
1655125683.814051 sending message 112 to peer 0x5651ff341e00 (13 bytes)
1655125683.814054 sending message 112 to peer 0x5651ff341e00 (10 bytes)
1655125683.814058 sending message 112 to peer 0x5651ff341e00 (10 bytes)
1655125683.814061 sending message 112 to peer 0x5651ff341e00 (5 bytes)
1655125683.814064 sending message 112 to peer 0x5651ff341e00 (15 bytes)
1655125683.814068 sending message 104 to peer 0x5651ff341e00 (0 bytes)
1655125683.814073 sending message 110 to peer 0x5651ff341e00 (0 bytes)
1655125683.814077 sending message 107 to peer 0x5651ff341e00 (4 bytes)
1655125683.814081 sending message 105 to peer 0x5651ff341e00 (16 bytes)
1655125683.814084 sending message 105 to peer 0x5651ff341e00 (80 bytes)
1655125683.814087 sending message 105 to peer 0x5651ff341e00 (11 bytes)
1655125683.814091 sending message 105 to peer 0x5651ff341e00 (19 bytes)
1655125683.814094 sending message 105 to peer 0x5651ff341e00 (20 bytes)
1655125683.814097 sending message 105 to peer 0x5651ff341e00 (25 bytes)
1655125683.814101 sending message 105 to peer 0x5651ff341e00 (58 bytes)
1655125683.814104 sending message 105 to peer 0x5651ff341e00 (22 bytes)
1655125683.814107 sending message 105 to peer 0x5651ff341e00 (25 bytes)
1655125683.814111 sending message 105 to peer 0x5651ff341e00 (37 bytes)
1655125683.814114 sending message 105 to peer 0x5651ff341e00 (27 bytes)
1655125683.814117 sending message 105 to peer 0x5651ff341e00 (10 bytes)
1655125683.814121 sending message 105 to peer 0x5651ff341e00 (21 bytes)
1655125683.814124 sending message 105 to peer 0x5651ff341e00 (25 bytes)
1655125683.814128 sending message 105 to peer 0x5651ff341e00 (30 bytes)
1655125683.814131 sending message 105 to peer 0x5651ff341e00 (48 bytes)
1655125683.814134 sending message 105 to peer 0x5651ff341e00 (30 bytes)
1655125683.814138 sending message 105 to peer 0x5651ff341e00 (21 bytes)
1655125683.814141 sending message 105 to peer 0x5651ff341e00 (20 bytes)
1655125683.814144 sending message 105 to peer 0x5651ff341e00 (28 bytes)
1655125683.814148 sending message 105 to peer 0x5651ff341e00 (15 bytes)
1655125683.814151 sending message 105 to peer 0x5651ff341e00 (51 bytes)
1655125683.814158 sending message 105 to peer 0x5651ff341e00 (25 bytes)
1655125683.814161 sending message 105 to peer 0x5651ff341e00 (13 bytes)
1655125683.814165 sending message 105 to peer 0x5651ff341e00 (27 bytes)
1655125683.814168 sending message 105 to peer 0x5651ff341e00 (21 bytes)
1655125683.814171 sending message 105 to peer 0x5651ff341e00 (34 bytes)
1655125683.814184 sending message 105 to peer 0x5651ff341e00 (48 bytes)
1655125683.814190 sending message 105 to peer 0x5651ff341e00 (35 bytes)
1655125683.814194 sending message 105 to peer 0x5651ff341e00 (20 bytes)
1655125683.814197 sending message 105 to peer 0x5651ff341e00 (16 bytes)
1655125683.814201 sending message 105 to peer 0x5651ff341e00 (64 bytes)
1655125683.814204 sending message 105 to peer 0x5651ff341e00 (13 bytes)
1655125683.814208 sending message 105 to peer 0x5651ff341e00 (1519 bytes)
1655125683.814212 sending message 105 to peer 0x5651ff341e00 (25 bytes)
1655125683.814215 sending message 105 to peer 0x5651ff341e00 (52 bytes)
1655125683.814219 sending message 105 to peer 0x5651ff341e00 (23 bytes)
1655125683.814222 sending message 105 to peer 0x5651ff341e00 (21 bytes)
1655125683.814225 sending message 105 to peer 0x5651ff341e00 (24 bytes)
1655125683.814229 sending message 105 to peer 0x5651ff341e00 (21 bytes)
1655125683.814232 sending message 105 to peer 0x5651ff341e00 (24 bytes)
1655125683.814235 sending message 105 to peer 0x5651ff341e00 (10 bytes)
1655125683.814238 sending message 105 to peer 0x5651ff341e00 (14 bytes)
1655125683.814242 sending message 105 to peer 0x5651ff341e00 (15 bytes)
1655125683.814245 sending message 105 to peer 0x5651ff341e00 (19 bytes)
1655125683.814249 sending message 105 to peer 0x5651ff341e00 (13 bytes)
1655125683.814252 sending message 105 to peer 0x5651ff341e00 (8 bytes)
1655125683.814255 sending message 105 to peer 0x5651ff341e00 (21 bytes)
1655125683.814259 sending message 105 to peer 0x5651ff341e00 (24 bytes)
1655125683.814262 sending message 105 to peer 0x5651ff341e00 (11 bytes)
1655125683.814265 sending message 105 to peer 0x5651ff341e00 (17 bytes)
1655125683.814269 sending message 105 to peer 0x5651ff341e00 (31 bytes)
1655125683.814272 sending message 105 to peer 0x5651ff341e00 (30 bytes)
1655125683.814275 sending message 105 to peer 0x5651ff341e00 (170 bytes)
1655125683.814279 sending message 105 to peer 0x5651ff341e00 (306 bytes)
1655125683.814282 sending message 105 to peer 0x5651ff341e00 (16 bytes)
1655125683.814286 sending message 105 to peer 0x5651ff341e00 (54 bytes)
1655125683.814289 sending message 105 to peer 0x5651ff341e00 (67 bytes)
1655125683.814293 sending message 105 to peer 0x5651ff341e00 (23 bytes)
1655125683.814296 sending message 105 to peer 0x5651ff341e00 (18 bytes)
1655125683.814300 sending message 105 to peer 0x5651ff341e00 (16 bytes)
1655125683.814303 sending message 106 to peer 0x5651ff341e00 (0 bytes)
1655125683.814338 sending message 200 to peer 0x5651ff341e00 (4 bytes)
1655125683.814342 client loop enter
1655125683.821265 peer 0x5651ff341e00 message 303
1655125683.821297 open write file 2 -
1655125683.821310 sending message 305 to peer 0x5651ff341e00 (8 bytes)
1655125683.821323 write check file 2
1655125683.822877 peer 0x5651ff341e00 message 304
1655125683.824456 write 58 to file 2
1655125683.824589 peer 0x5651ff341e00 message 203
1655125683.824619 file 2 58 bytes left
1655125683.824671 write check file 2
1655125683.824679 client loop exit
